# JRE version: Java(TM) SE Runtime Environment (17.0.12+8) (build 17.0.12+8-LTS-286)
# Java VM: Java HotSpot(TM) 64-Bit Server VM (17.0.12+8-LTS-286, mixed mode, sharing, tiered, compressed oops, compressed class ptrs, g1 gc, windows-amd64)
GC Precious Log:
 CPUs: 12 total, 12 available
 Memory: 7876M
 Large Page Support: Disabled
 NUMA Support: Disabled
 Compressed Oops: Enabled (32-bit)
 Heap Region Size: 1M
 Heap Min Capacity: 8M
 Heap Initial Capacity: 124M
 Heap Max Capacity: 1970M
 Pre-touch: Disabled
 Parallel Workers: 10
 Concurrent Workers: 3
 Concurrent Refinement Workers: 10
 Periodic GC: Disabled
Heap:
 garbage-first heap   total 124928K, used 88689K [0x0000000084e00000, 0x0000000100000000)
  region size 1024K, 28 young (28672K), 4 survivors (4096K)
 Metaspace       used 78769K, committed 79424K, reserved 1179648K
  class space    used 11212K, committed 11520K, reserved 1048576K
GC Heap History (20 events):
Event: 5.981 GC heap before
{Heap before GC invocations=13 (full 0):
 garbage-first heap   total 86016K, used 66961K [0x0000000084e00000, 0x0000000100000000)
  region size 1024K, 35 young (35840K), 2 survivors (2048K)
 Metaspace       used 58291K, committed 58816K, reserved 1114112K
  class space    used 8037K, committed 8320K, reserved 1048576K
}
Event: 5.983 GC heap after
{Heap after GC invocations=14 (full 0):
 garbage-first heap   total 86016K, used 33676K [0x0000000084e00000, 0x0000000100000000)
  region size 1024K, 3 young (3072K), 3 survivors (3072K)
 Metaspace       used 58291K, committed 58816K, reserved 1114112K
  class space    used 8037K, committed 8320K, reserved 1048576K
}
Event: 6.220 GC heap before
{Heap before GC invocations=14 (full 0):
 garbage-first heap   total 86016K, used 67468K [0x0000000084e00000, 0x0000000100000000)
  region size 1024K, 36 young (36864K), 3 survivors (3072K)
 Metaspace       used 59079K, committed 59584K, reserved 1114112K
  class space    used 8120K, committed 8384K, reserved 1048576K
}
Event: 6.226 GC heap after
{Heap after GC invocations=15 (full 0):
 garbage-first heap   total 86016K, used 34526K [0x0000000084e00000, 0x0000000100000000)
  region size 1024K, 4 young (4096K), 4 survivors (4096K)
 Metaspace       used 59079K, committed 59584K, reserved 1114112K
  class space    used 8120K, committed 8384K, reserved 1048576K
}
Event: 6.502 GC heap before
{Heap before GC invocations=15 (full 0):
 garbage-first heap   total 86016K, used 47838K [0x0000000084e00000, 0x0000000100000000)
  region size 1024K, 18 young (18432K), 4 survivors (4096K)
 Metaspace       used 59629K, committed 60096K, reserved 1114112K
  class space    used 8146K, committed 8384K, reserved 1048576K
}
Event: 6.508 GC heap after
{Heap after GC invocations=16 (full 0):
 garbage-first heap   total 103424K, used 35465K [0x0000000084e00000, 0x0000000100000000)
  region size 1024K, 4 young (4096K), 4 survivors (4096K)
 Metaspace       used 59629K, committed 60096K, reserved 1114112K
  class space    used 8146K, committed 8384K, reserved 1048576K
}
Event: 7.868 GC heap before
{Heap before GC invocations=17 (full 0):
 garbage-first heap   total 103424K, used 80521K [0x0000000084e00000, 0x0000000100000000)
  region size 1024K, 49 young (50176K), 4 survivors (4096K)
 Metaspace       used 69714K, committed 70272K, reserved 1114112K
  class space    used 10048K, committed 10304K, reserved 1048576K
}
Event: 7.875 GC heap after
{Heap after GC invocations=18 (full 0):
 garbage-first heap   total 103424K, used 40946K [0x0000000084e00000, 0x0000000100000000)
  region size 1024K, 7 young (7168K), 7 survivors (7168K)
 Metaspace       used 69714K, committed 70272K, reserved 1114112K
  class space    used 10048K, committed 10304K, reserved 1048576K
}
Event: 8.832 GC heap before
{Heap before GC invocations=18 (full 0):
 garbage-first heap   total 103424K, used 81906K [0x0000000084e00000, 0x0000000100000000)
  region size 1024K, 46 young (47104K), 7 survivors (7168K)
 Metaspace       used 74579K, committed 75136K, reserved 1114112K
  class space    used 10910K, committed 11200K, reserved 1048576K
}
Event: 8.848 GC heap after
{Heap after GC invocations=19 (full 0):
 garbage-first heap   total 103424K, used 53150K [0x0000000084e00000, 0x0000000100000000)
  region size 1024K, 6 young (6144K), 6 survivors (6144K)
 Metaspace       used 74579K, committed 75136K, reserved 1114112K
  class space    used 10910K, committed 11200K, reserved 1048576K
}
Event: 31.832 GC heap before
{Heap before GC invocations=19 (full 0):
 garbage-first heap   total 103424K, used 74654K [0x0000000084e00000, 0x0000000100000000)
  region size 1024K, 28 young (28672K), 6 survivors (6144K)
 Metaspace       used 76399K, committed 76928K, reserved 1179648K
  class space    used 11011K, committed 11264K, reserved 1048576K
}
Event: 31.841 GC heap after
{Heap after GC invocations=20 (full 0):
 garbage-first heap   total 103424K, used 54719K [0x0000000084e00000, 0x0000000100000000)
  region size 1024K, 3 young (3072K), 3 survivors (3072K)
 Metaspace       used 76399K, committed 76928K, reserved 1179648K
  class space    used 11011K, committed 11264K, reserved 1048576K
}
Event: 37.144 GC heap before
{Heap before GC invocations=21 (full 0):
 garbage-first heap   total 103424K, used 61887K [0x0000000084e00000, 0x0000000100000000)
  region size 1024K, 9 young (9216K), 3 survivors (3072K)
 Metaspace       used 76459K, committed 77056K, reserved 1179648K
  class space    used 11016K, committed 11328K, reserved 1048576K
}
Event: 37.149 GC heap after
{Heap after GC invocations=22 (full 0):
 garbage-first heap   total 103424K, used 56567K [0x0000000084e00000, 0x0000000100000000)
  region size 1024K, 2 young (2048K), 2 survivors (2048K)
 Metaspace       used 76459K, committed 77056K, reserved 1179648K
  class space    used 11016K, committed 11328K, reserved 1048576K
}
Event: 132.704 GC heap before
{Heap before GC invocations=23 (full 0):
 garbage-first heap   total 103424K, used 79095K [0x0000000084e00000, 0x0000000100000000)
  region size 1024K, 22 young (22528K), 2 survivors (2048K)
 Metaspace       used 78005K, committed 78528K, reserved 1179648K
  class space    used 11213K, committed 11456K, reserved 1048576K
}
Event: 132.709 GC heap after
{Heap after GC invocations=24 (full 0):
 garbage-first heap   total 124928K, used 60702K [0x0000000084e00000, 0x0000000100000000)
  region size 1024K, 3 young (3072K), 3 survivors (3072K)
 Metaspace       used 78005K, committed 78528K, reserved 1179648K
  class space    used 11213K, committed 11456K, reserved 1048576K
}
Event: 136.673 GC heap before
{Heap before GC invocations=24 (full 0):
 garbage-first heap   total 124928K, used 63774K [0x0000000084e00000, 0x0000000100000000)
  region size 1024K, 6 young (6144K), 3 survivors (3072K)
 Metaspace       used 78116K, committed 78656K, reserved 1179648K
  class space    used 11221K, committed 11456K, reserved 1048576K
}
Event: 136.679 GC heap after
{Heap after GC invocations=25 (full 0):
 garbage-first heap   total 124928K, used 60694K [0x0000000084e00000, 0x0000000100000000)
  region size 1024K, 1 young (1024K), 1 survivors (1024K)
 Metaspace       used 78116K, committed 78656K, reserved 1179648K
  class space    used 11221K, committed 11456K, reserved 1048576K
}
Event: 4654.320 GC heap before
{Heap before GC invocations=25 (full 0):
 garbage-first heap   total 124928K, used 91414K [0x0000000084e00000, 0x0000000100000000)
  region size 1024K, 31 young (31744K), 1 survivors (1024K)
 Metaspace       used 78832K, committed 79424K, reserved 1179648K
  class space    used 11264K, committed 11520K, reserved 1048576K
}
Event: 4654.389 GC heap after
{Heap after GC invocations=26 (full 0):
 garbage-first heap   total 124928K, used 65137K [0x0000000084e00000, 0x0000000100000000)
  region size 1024K, 4 young (4096K), 4 survivors (4096K)
 Metaspace       used 78832K, committed 79424K, reserved 1179648K
  class space    used 11264K, committed 11520K, reserved 1048576K
}

